<?xml version="1.0" encoding="UTF-8" standalone="yes"?><!DOCTYPE report PUBLIC "-//JACOCO//DTD Report 1.0//EN" "report.dtd"><report name="magnus_gustafson_calculator"><sessioninfo id="LAPTOP-HJHHU7LM-270f5718" start="1544648016966" dump="1544648018226"/><package name="com/calculator/main"><class name="com/calculator/main/Main"><method name="&lt;init&gt;" desc="()V" line="20"><counter type="INSTRUCTION" missed="3" covered="0"/><counter type="LINE" missed="1" covered="0"/><counter type="COMPLEXITY" missed="1" covered="0"/><counter type="METHOD" missed="1" covered="0"/></method><method name="main" desc="([Ljava/lang/String;)V" line="34"><counter type="INSTRUCTION" missed="14" covered="0"/><counter type="LINE" missed="2" covered="0"/><counter type="COMPLEXITY" missed="1" covered="0"/><counter type="METHOD" missed="1" covered="0"/></method><counter type="INSTRUCTION" missed="17" covered="0"/><counter type="LINE" missed="3" covered="0"/><counter type="COMPLEXITY" missed="2" covered="0"/><counter type="METHOD" missed="2" covered="0"/><counter type="CLASS" missed="1" covered="0"/></class><sourcefile name="Main.java"><line nr="20" mi="3" ci="0" mb="0" cb="0"/><line nr="34" mi="13" ci="0" mb="0" cb="0"/><line nr="37" mi="1" ci="0" mb="0" cb="0"/><counter type="INSTRUCTION" missed="17" covered="0"/><counter type="LINE" missed="3" covered="0"/><counter type="COMPLEXITY" missed="2" covered="0"/><counter type="METHOD" missed="2" covered="0"/><counter type="CLASS" missed="1" covered="0"/></sourcefile><counter type="INSTRUCTION" missed="17" covered="0"/><counter type="LINE" missed="3" covered="0"/><counter type="COMPLEXITY" missed="2" covered="0"/><counter type="METHOD" missed="2" covered="0"/><counter type="CLASS" missed="1" covered="0"/></package><package name="com/calculator/MVC"><class name="com/calculator/MVC/CalculatorController$CalculatorListener"><method name="&lt;init&gt;" desc="(Lcom/calculator/MVC/CalculatorController;)V" line="116"><counter type="INSTRUCTION" missed="6" covered="0"/><counter type="LINE" missed="1" covered="0"/><counter type="COMPLEXITY" missed="1" covered="0"/><counter type="METHOD" missed="1" covered="0"/></method><method name="actionPerformed" desc="(Ljava/awt/event/ActionEvent;)V" line="123"><counter type="INSTRUCTION" missed="186" covered="0"/><counter type="BRANCH" missed="18" covered="0"/><counter type="LINE" missed="22" covered="0"/><counter type="COMPLEXITY" missed="10" covered="0"/><counter type="METHOD" missed="1" covered="0"/></method><counter type="INSTRUCTION" missed="192" covered="0"/><counter type="BRANCH" missed="18" covered="0"/><counter type="LINE" missed="23" covered="0"/><counter type="COMPLEXITY" missed="11" covered="0"/><counter type="METHOD" missed="2" covered="0"/><counter type="CLASS" missed="1" covered="0"/></class><class name="com/calculator/MVC/ModelAdvancedOperations"><method name="&lt;init&gt;" desc="()V" line="14"><counter type="INSTRUCTION" missed="0" covered="3"/><counter type="LINE" missed="0" covered="1"/><counter type="COMPLEXITY" missed="0" covered="1"/><counter type="METHOD" missed="0" covered="1"/></method><method name="powerOfTwo" desc="(D)D" line="26"><counter type="INSTRUCTION" missed="0" covered="8"/><counter type="LINE" missed="0" covered="3"/><counter type="COMPLEXITY" missed="0" covered="1"/><counter type="METHOD" missed="0" covered="1"/></method><method name="powerOfThree" desc="(D)D" line="42"><counter type="INSTRUCTION" missed="0" covered="8"/><counter type="LINE" missed="0" covered="3"/><counter type="COMPLEXITY" missed="0" covered="1"/><counter type="METHOD" missed="0" covered="1"/></method><method name="pi" desc="()D" line="56"><counter type="INSTRUCTION" missed="0" covered="2"/><counter type="LINE" missed="0" covered="1"/><counter type="COMPLEXITY" missed="0" covered="1"/><counter type="METHOD" missed="0" covered="1"/></method><method name="log" desc="(D)D" line="69"><counter type="INSTRUCTION" missed="0" covered="7"/><counter type="LINE" missed="0" covered="3"/><counter type="COMPLEXITY" missed="0" covered="1"/><counter type="METHOD" missed="0" covered="1"/></method><method name="sin" desc="(D)D" line="85"><counter type="INSTRUCTION" missed="0" covered="7"/><counter type="LINE" missed="0" covered="3"/><counter type="COMPLEXITY" missed="0" covered="1"/><counter type="METHOD" missed="0" covered="1"/></method><method name="cos" desc="(D)D" line="102"><counter type="INSTRUCTION" missed="0" covered="7"/><counter type="LINE" missed="0" covered="3"/><counter type="COMPLEXITY" missed="0" covered="1"/><counter type="METHOD" missed="0" covered="1"/></method><method name="tan" desc="(D)D" line="118"><counter type="INSTRUCTION" missed="0" covered="7"/><counter type="LINE" missed="0" covered="3"/><counter type="COMPLEXITY" missed="0" covered="1"/><counter type="METHOD" missed="0" covered="1"/></method><method name="squareRoot" desc="(D)D" line="134"><counter type="INSTRUCTION" missed="0" covered="7"/><counter type="LINE" missed="0" covered="3"/><counter type="COMPLEXITY" missed="0" covered="1"/><counter type="METHOD" missed="0" covered="1"/></method><counter type="INSTRUCTION" missed="0" covered="56"/><counter type="LINE" missed="0" covered="23"/><counter type="COMPLEXITY" missed="0" covered="9"/><counter type="METHOD" missed="0" covered="9"/><counter type="CLASS" missed="0" covered="1"/></class><class name="com/calculator/MVC/ModelBasicOperations"><method name="&lt;init&gt;" desc="()V" line="17"><counter type="INSTRUCTION" missed="0" covered="3"/><counter type="LINE" missed="0" covered="1"/><counter type="COMPLEXITY" missed="0" covered="1"/><counter type="METHOD" missed="0" covered="1"/></method><method name="addition" desc="(DD)D" line="30"><counter type="INSTRUCTION" missed="0" covered="8"/><counter type="LINE" missed="0" covered="3"/><counter type="COMPLEXITY" missed="0" covered="1"/><counter type="METHOD" missed="0" covered="1"/></method><method name="substraction" desc="(DD)D" line="45"><counter type="INSTRUCTION" missed="0" covered="8"/><counter type="LINE" missed="0" covered="3"/><counter type="COMPLEXITY" missed="0" covered="1"/><counter type="METHOD" missed="0" covered="1"/></method><method name="multiplication" desc="(DD)D" line="60"><counter type="INSTRUCTION" missed="0" covered="8"/><counter type="LINE" missed="0" covered="3"/><counter type="COMPLEXITY" missed="0" covered="1"/><counter type="METHOD" missed="0" covered="1"/></method><method name="division" desc="(DD)D" line="75"><counter type="INSTRUCTION" missed="0" covered="8"/><counter type="LINE" missed="0" covered="3"/><counter type="COMPLEXITY" missed="0" covered="1"/><counter type="METHOD" missed="0" covered="1"/></method><counter type="INSTRUCTION" missed="0" covered="35"/><counter type="LINE" missed="0" covered="13"/><counter type="COMPLEXITY" missed="0" covered="5"/><counter type="METHOD" missed="0" covered="5"/><counter type="CLASS" missed="0" covered="1"/></class><class name="com/calculator/MVC/CalculatorController"><method name="&lt;init&gt;" desc="(Lcom/calculator/MVC/ModelBasicOperations;Lcom/calculator/MVC/ModelAdvancedOperations;Lcom/calculator/MVC/CalculatorView;)V" line="46"><counter type="INSTRUCTION" missed="37" covered="0"/><counter type="LINE" missed="12" covered="0"/><counter type="COMPLEXITY" missed="1" covered="0"/><counter type="METHOD" missed="1" covered="0"/></method><method name="advancedCalcClicked" desc="(Ljava/lang/Object;)V" line="213"><counter type="INSTRUCTION" missed="245" covered="0"/><counter type="BRANCH" missed="28" covered="0"/><counter type="LINE" missed="26" covered="0"/><counter type="COMPLEXITY" missed="15" covered="0"/><counter type="METHOD" missed="1" covered="0"/></method><method name="standardCalcClicked" desc="(Ljava/lang/Object;)V" line="284"><counter type="INSTRUCTION" missed="336" covered="0"/><counter type="BRANCH" missed="38" covered="0"/><counter type="LINE" missed="55" covered="0"/><counter type="COMPLEXITY" missed="20" covered="0"/><counter type="METHOD" missed="1" covered="0"/></method><method name="digitsClicked" desc="(Ljava/lang/Object;)V" line="409"><counter type="INSTRUCTION" missed="434" covered="0"/><counter type="BRANCH" missed="48" covered="0"/><counter type="LINE" missed="52" covered="0"/><counter type="COMPLEXITY" missed="25" covered="0"/><counter type="METHOD" missed="1" covered="0"/></method><method name="showCalc" desc="(I)V" line="528"><counter type="INSTRUCTION" missed="76" covered="0"/><counter type="BRANCH" missed="2" covered="0"/><counter type="LINE" missed="9" covered="0"/><counter type="COMPLEXITY" missed="2" covered="0"/><counter type="METHOD" missed="1" covered="0"/></method><method name="calculate" desc="()V" line="551"><counter type="INSTRUCTION" missed="18" covered="0"/><counter type="LINE" missed="6" covered="0"/><counter type="COMPLEXITY" missed="1" covered="0"/><counter type="METHOD" missed="1" covered="0"/></method><method name="toString" desc="(D)Ljava/lang/String;" line="568"><counter type="INSTRUCTION" missed="3" covered="0"/><counter type="LINE" missed="1" covered="0"/><counter type="COMPLEXITY" missed="1" covered="0"/><counter type="METHOD" missed="1" covered="0"/></method><counter type="INSTRUCTION" missed="1149" covered="0"/><counter type="BRANCH" missed="116" covered="0"/><counter type="LINE" missed="161" covered="0"/><counter type="COMPLEXITY" missed="65" covered="0"/><counter type="METHOD" missed="7" covered="0"/><counter type="CLASS" missed="1" covered="0"/></class><class name="com/calculator/MVC/CalculatorView"><method name="&lt;init&gt;" desc="()V" line="33"><counter type="INSTRUCTION" missed="665" covered="0"/><counter type="LINE" missed="105" covered="0"/><counter type="COMPLEXITY" missed="1" covered="0"/><counter type="METHOD" missed="1" covered="0"/></method><method name="addCalculatorListener" desc="(Ljava/awt/event/ActionListener;)V" line="191"><counter type="INSTRUCTION" missed="61" covered="0"/><counter type="BRANCH" missed="8" covered="0"/><counter type="LINE" missed="9" covered="0"/><counter type="COMPLEXITY" missed="5" covered="0"/><counter type="METHOD" missed="1" covered="0"/></method><counter type="INSTRUCTION" missed="726" covered="0"/><counter type="BRANCH" missed="8" covered="0"/><counter type="LINE" missed="114" covered="0"/><counter type="COMPLEXITY" missed="6" covered="0"/><counter type="METHOD" missed="2" covered="0"/><counter type="CLASS" missed="1" covered="0"/></class><sourcefile name="ModelBasicOperations.java"><line nr="17" mi="0" ci="3" mb="0" cb="0"/><line nr="30" mi="0" ci="2" mb="0" cb="0"/><line nr="31" mi="0" ci="4" mb="0" cb="0"/><line nr="32" mi="0" ci="2" mb="0" cb="0"/><line nr="45" mi="0" ci="2" mb="0" cb="0"/><line nr="46" mi="0" ci="4" mb="0" cb="0"/><line nr="47" mi="0" ci="2" mb="0" cb="0"/><line nr="60" mi="0" ci="2" mb="0" cb="0"/><line nr="61" mi="0" ci="4" mb="0" cb="0"/><line nr="62" mi="0" ci="2" mb="0" cb="0"/><line nr="75" mi="0" ci="2" mb="0" cb="0"/><line nr="76" mi="0" ci="4" mb="0" cb="0"/><line nr="77" mi="0" ci="2" mb="0" cb="0"/><counter type="INSTRUCTION" missed="0" covered="35"/><counter type="LINE" missed="0" covered="13"/><counter type="COMPLEXITY" missed="0" covered="5"/><counter type="METHOD" missed="0" covered="5"/><counter type="CLASS" missed="0" covered="1"/></sourcefile><sourcefile name="CalculatorController.java"><line nr="46" mi="3" ci="0" mb="0" cb="0"/><line nr="51" mi="3" ci="0" mb="0" cb="0"/><line nr="56" mi="3" ci="0" mb="0" cb="0"/><line nr="62" mi="3" ci="0" mb="0" cb="0"/><line nr="68" mi="3" ci="0" mb="0" cb="0"/><line nr="74" mi="3" ci="0" mb="0" cb="0"/><line nr="89" mi="2" ci="0" mb="0" cb="0"/><line nr="91" mi="3" ci="0" mb="0" cb="0"/><line nr="93" mi="3" ci="0" mb="0" cb="0"/><line nr="94" mi="3" ci="0" mb="0" cb="0"/><line nr="101" mi="7" ci="0" mb="0" cb="0"/><line nr="103" mi="1" ci="0" mb="0" cb="0"/><line nr="116" mi="6" ci="0" mb="0" cb="0"/><line nr="123" mi="9" ci="0" mb="2" cb="0"/><line nr="125" mi="16" ci="0" mb="4" cb="0"/><line nr="127" mi="9" ci="0" mb="2" cb="0"/><line nr="128" mi="19" ci="0" mb="0" cb="0"/><line nr="130" mi="17" ci="0" mb="0" cb="0"/><line nr="142" mi="9" ci="0" mb="2" cb="0"/><line nr="145" mi="7" ci="0" mb="2" cb="0"/><line nr="146" mi="20" ci="0" mb="0" cb="0"/><line nr="148" mi="17" ci="0" mb="4" cb="0"/><line nr="149" mi="6" ci="0" mb="0" cb="0"/><line nr="159" mi="9" ci="0" mb="2" cb="0"/><line nr="162" mi="6" ci="0" mb="0" cb="0"/><line nr="163" mi="4" ci="0" mb="0" cb="0"/><line nr="164" mi="4" ci="0" mb="0" cb="0"/><line nr="165" mi="6" ci="0" mb="0" cb="0"/><line nr="166" mi="4" ci="0" mb="0" cb="0"/><line nr="167" mi="4" ci="0" mb="0" cb="0"/><line nr="168" mi="4" ci="0" mb="0" cb="0"/><line nr="176" mi="5" ci="0" mb="0" cb="0"/><line nr="183" mi="5" ci="0" mb="0" cb="0"/><line nr="189" mi="5" ci="0" mb="0" cb="0"/><line nr="191" mi="1" ci="0" mb="0" cb="0"/><line nr="213" mi="12" ci="0" mb="2" cb="0"/><line nr="215" mi="8" ci="0" mb="2" cb="0"/><line nr="217" mi="6" ci="0" mb="2" cb="0"/><line nr="218" mi="4" ci="0" mb="0" cb="0"/><line nr="219" mi="9" ci="0" mb="2" cb="0"/><line nr="221" mi="15" ci="0" mb="0" cb="0"/><line nr="223" mi="9" ci="0" mb="2" cb="0"/><line nr="225" mi="15" ci="0" mb="0" cb="0"/><line nr="227" mi="9" ci="0" mb="2" cb="0"/><line nr="229" mi="15" ci="0" mb="0" cb="0"/><line nr="231" mi="9" ci="0" mb="2" cb="0"/><line nr="233" mi="14" ci="0" mb="4" cb="0"/><line nr="234" mi="4" ci="0" mb="0" cb="0"/><line nr="236" mi="15" ci="0" mb="0" cb="0"/><line nr="239" mi="9" ci="0" mb="2" cb="0"/><line nr="241" mi="15" ci="0" mb="0" cb="0"/><line nr="243" mi="9" ci="0" mb="2" cb="0"/><line nr="245" mi="15" ci="0" mb="0" cb="0"/><line nr="247" mi="9" ci="0" mb="2" cb="0"/><line nr="249" mi="14" ci="0" mb="0" cb="0"/><line nr="253" mi="3" ci="0" mb="0" cb="0"/><line nr="254" mi="3" ci="0" mb="0" cb="0"/><line nr="266" mi="11" ci="0" mb="4" cb="0"/><line nr="267" mi="9" ci="0" mb="0" cb="0"/><line nr="268" mi="3" ci="0" mb="0" cb="0"/><line nr="271" mi="1" ci="0" mb="0" cb="0"/><line nr="284" mi="10" ci="0" mb="2" cb="0"/><line nr="286" mi="8" ci="0" mb="2" cb="0"/><line nr="293" mi="3" ci="0" mb="2" cb="0"/><line nr="295" mi="6" ci="0" mb="2" cb="0"/><line nr="296" mi="4" ci="0" mb="0" cb="0"/><line nr="297" mi="4" ci="0" mb="2" cb="0"/><line nr="299" mi="6" ci="0" mb="0" cb="0"/><line nr="305" mi="7" ci="0" mb="0" cb="0"/><line nr="306" mi="4" ci="0" mb="0" cb="0"/><line nr="310" mi="5" ci="0" mb="2" cb="0"/><line nr="311" mi="4" ci="0" mb="2" cb="0"/><line nr="312" mi="11" ci="0" mb="0" cb="0"/><line nr="313" mi="7" ci="0" mb="0" cb="0"/><line nr="314" mi="3" ci="0" mb="0" cb="0"/><line nr="315" mi="7" ci="0" mb="0" cb="0"/><line nr="318" mi="9" ci="0" mb="0" cb="0"/><line nr="319" mi="6" ci="0" mb="0" cb="0"/><line nr="320" mi="4" ci="0" mb="0" cb="0"/><line nr="323" mi="5" ci="0" mb="2" cb="0"/><line nr="324" mi="14" ci="0" mb="4" cb="0"/><line nr="325" mi="4" ci="0" mb="0" cb="0"/><line nr="327" mi="4" ci="0" mb="2" cb="0"/><line nr="328" mi="11" ci="0" mb="0" cb="0"/><line nr="329" mi="7" ci="0" mb="0" cb="0"/><line nr="330" mi="3" ci="0" mb="0" cb="0"/><line nr="331" mi="7" ci="0" mb="0" cb="0"/><line nr="335" mi="20" ci="0" mb="6" cb="0"/><line nr="336" mi="4" ci="0" mb="2" cb="0"/><line nr="337" mi="3" ci="0" mb="0" cb="0"/><line nr="338" mi="2" ci="0" mb="0" cb="0"/><line nr="339" mi="6" ci="0" mb="0" cb="0"/><line nr="341" mi="12" ci="0" mb="0" cb="0"/><line nr="342" mi="3" ci="0" mb="0" cb="0"/><line nr="343" mi="4" ci="0" mb="0" cb="0"/><line nr="348" mi="5" ci="0" mb="2" cb="0"/><line nr="349" mi="4" ci="0" mb="2" cb="0"/><line nr="350" mi="11" ci="0" mb="0" cb="0"/><line nr="351" mi="7" ci="0" mb="0" cb="0"/><line nr="352" mi="3" ci="0" mb="0" cb="0"/><line nr="353" mi="7" ci="0" mb="0" cb="0"/><line nr="356" mi="9" ci="0" mb="0" cb="0"/><line nr="357" mi="6" ci="0" mb="0" cb="0"/><line nr="358" mi="4" ci="0" mb="0" cb="0"/><line nr="361" mi="5" ci="0" mb="2" cb="0"/><line nr="362" mi="4" ci="0" mb="2" cb="0"/><line nr="363" mi="11" ci="0" mb="0" cb="0"/><line nr="364" mi="7" ci="0" mb="0" cb="0"/><line nr="365" mi="3" ci="0" mb="0" cb="0"/><line nr="366" mi="7" ci="0" mb="0" cb="0"/><line nr="369" mi="9" ci="0" mb="0" cb="0"/><line nr="370" mi="6" ci="0" mb="0" cb="0"/><line nr="371" mi="4" ci="0" mb="0" cb="0"/><line nr="375" mi="3" ci="0" mb="0" cb="0"/><line nr="378" mi="3" ci="0" mb="0" cb="0"/><line nr="386" mi="1" ci="0" mb="0" cb="0"/><line nr="409" mi="12" ci="0" mb="2" cb="0"/><line nr="411" mi="8" ci="0" mb="2" cb="0"/><line nr="413" mi="3" ci="0" mb="2" cb="0"/><line nr="414" mi="5" ci="0" mb="0" cb="0"/><line nr="415" mi="20" ci="0" mb="0" cb="0"/><line nr="416" mi="4" ci="0" mb="0" cb="0"/><line nr="417" mi="3" ci="0" mb="2" cb="0"/><line nr="419" mi="21" ci="0" mb="0" cb="0"/><line nr="422" mi="5" ci="0" mb="0" cb="0"/><line nr="423" mi="20" ci="0" mb="0" cb="0"/><line nr="424" mi="3" ci="0" mb="0" cb="0"/><line nr="434" mi="8" ci="0" mb="2" cb="0"/><line nr="436" mi="14" ci="0" mb="4" cb="0"/><line nr="437" mi="18" ci="0" mb="0" cb="0"/><line nr="438" mi="7" ci="0" mb="2" cb="0"/><line nr="439" mi="20" ci="0" mb="0" cb="0"/><line nr="452" mi="8" ci="0" mb="2" cb="0"/><line nr="454" mi="4" ci="0" mb="2" cb="0"/><line nr="456" mi="6" ci="0" mb="2" cb="0"/><line nr="457" mi="4" ci="0" mb="0" cb="0"/><line nr="460" mi="5" ci="0" mb="2" cb="0"/><line nr="461" mi="16" ci="0" mb="0" cb="0"/><line nr="462" mi="3" ci="0" mb="0" cb="0"/><line nr="463" mi="5" ci="0" mb="2" cb="0"/><line nr="465" mi="14" ci="0" mb="4" cb="0"/><line nr="466" mi="4" ci="0" mb="0" cb="0"/><line nr="468" mi="16" ci="0" mb="0" cb="0"/><line nr="469" mi="3" ci="0" mb="0" cb="0"/><line nr="472" mi="5" ci="0" mb="2" cb="0"/><line nr="473" mi="16" ci="0" mb="0" cb="0"/><line nr="474" mi="3" ci="0" mb="0" cb="0"/><line nr="475" mi="5" ci="0" mb="2" cb="0"/><line nr="476" mi="16" ci="0" mb="0" cb="0"/><line nr="477" mi="3" ci="0" mb="0" cb="0"/><line nr="483" mi="6" ci="0" mb="2" cb="0"/><line nr="484" mi="4" ci="0" mb="0" cb="0"/><line nr="486" mi="5" ci="0" mb="2" cb="0"/><line nr="487" mi="16" ci="0" mb="0" cb="0"/><line nr="488" mi="3" ci="0" mb="0" cb="0"/><line nr="489" mi="5" ci="0" mb="2" cb="0"/><line nr="491" mi="14" ci="0" mb="4" cb="0"/><line nr="492" mi="4" ci="0" mb="0" cb="0"/><line nr="494" mi="16" ci="0" mb="0" cb="0"/><line nr="495" mi="3" ci="0" mb="0" cb="0"/><line nr="498" mi="5" ci="0" mb="2" cb="0"/><line nr="499" mi="16" ci="0" mb="0" cb="0"/><line nr="500" mi="3" ci="0" mb="0" cb="0"/><line nr="501" mi="5" ci="0" mb="2" cb="0"/><line nr="502" mi="16" ci="0" mb="0" cb="0"/><line nr="503" mi="2" ci="0" mb="0" cb="0"/><line nr="509" mi="3" ci="0" mb="0" cb="0"/><line nr="512" mi="1" ci="0" mb="0" cb="0"/><line nr="528" mi="8" ci="0" mb="0" cb="0"/><line nr="530" mi="4" ci="0" mb="2" cb="0"/><line nr="531" mi="20" ci="0" mb="0" cb="0"/><line nr="532" mi="5" ci="0" mb="0" cb="0"/><line nr="533" mi="7" ci="0" mb="0" cb="0"/><line nr="536" mi="21" ci="0" mb="0" cb="0"/><line nr="537" mi="7" ci="0" mb="0" cb="0"/><line nr="538" mi="3" ci="0" mb="0" cb="0"/><line nr="542" mi="1" ci="0" mb="0" cb="0"/><line nr="551" mi="3" ci="0" mb="0" cb="0"/><line nr="552" mi="3" ci="0" mb="0" cb="0"/><line nr="553" mi="5" ci="0" mb="0" cb="0"/><line nr="554" mi="3" ci="0" mb="0" cb="0"/><line nr="555" mi="3" ci="0" mb="0" cb="0"/><line nr="556" mi="1" ci="0" mb="0" cb="0"/><line nr="568" mi="3" ci="0" mb="0" cb="0"/><counter type="INSTRUCTION" missed="1341" covered="0"/><counter type="BRANCH" missed="134" covered="0"/><counter type="LINE" missed="184" covered="0"/><counter type="COMPLEXITY" missed="76" covered="0"/><counter type="METHOD" missed="9" covered="0"/><counter type="CLASS" missed="2" covered="0"/></sourcefile><sourcefile name="CalculatorView.java"><line nr="33" mi="4" ci="0" mb="0" cb="0"/><line nr="37" mi="4" ci="0" mb="0" cb="0"/><line nr="41" mi="4" ci="0" mb="0" cb="0"/><line nr="45" mi="4" ci="0" mb="0" cb="0"/><line nr="49" mi="6" ci="0" mb="0" cb="0"/><line nr="53" mi="5" ci="0" mb="0" cb="0"/><line nr="56" mi="2" ci="0" mb="0" cb="0"/><line nr="58" mi="3" ci="0" mb="0" cb="0"/><line nr="60" mi="4" ci="0" mb="0" cb="0"/><line nr="61" mi="4" ci="0" mb="0" cb="0"/><line nr="62" mi="7" ci="0" mb="0" cb="0"/><line nr="64" mi="4" ci="0" mb="0" cb="0"/><line nr="65" mi="7" ci="0" mb="0" cb="0"/><line nr="67" mi="8" ci="0" mb="0" cb="0"/><line nr="68" mi="8" ci="0" mb="0" cb="0"/><line nr="70" mi="4" ci="0" mb="0" cb="0"/><line nr="71" mi="4" ci="0" mb="0" cb="0"/><line nr="73" mi="9" ci="0" mb="0" cb="0"/><line nr="74" mi="5" ci="0" mb="0" cb="0"/><line nr="75" mi="9" ci="0" mb="0" cb="0"/><line nr="76" mi="5" ci="0" mb="0" cb="0"/><line nr="77" mi="9" ci="0" mb="0" cb="0"/><line nr="78" mi="4" ci="0" mb="0" cb="0"/><line nr="80" mi="4" ci="0" mb="0" cb="0"/><line nr="81" mi="7" ci="0" mb="0" cb="0"/><line nr="82" mi="7" ci="0" mb="0" cb="0"/><line nr="84" mi="8" ci="0" mb="0" cb="0"/><line nr="85" mi="8" ci="0" mb="0" cb="0"/><line nr="86" mi="8" ci="0" mb="0" cb="0"/><line nr="88" mi="7" ci="0" mb="0" cb="0"/><line nr="89" mi="7" ci="0" mb="0" cb="0"/><line nr="90" mi="7" ci="0" mb="0" cb="0"/><line nr="92" mi="4" ci="0" mb="0" cb="0"/><line nr="94" mi="4" ci="0" mb="0" cb="0"/><line nr="95" mi="7" ci="0" mb="0" cb="0"/><line nr="96" mi="7" ci="0" mb="0" cb="0"/><line nr="97" mi="4" ci="0" mb="0" cb="0"/><line nr="99" mi="4" ci="0" mb="0" cb="0"/><line nr="101" mi="6" ci="0" mb="0" cb="0"/><line nr="102" mi="6" ci="0" mb="0" cb="0"/><line nr="103" mi="3" ci="0" mb="0" cb="0"/><line nr="105" mi="8" ci="0" mb="0" cb="0"/><line nr="106" mi="8" ci="0" mb="0" cb="0"/><line nr="107" mi="8" ci="0" mb="0" cb="0"/><line nr="108" mi="8" ci="0" mb="0" cb="0"/><line nr="109" mi="8" ci="0" mb="0" cb="0"/><line nr="110" mi="8" ci="0" mb="0" cb="0"/><line nr="111" mi="8" ci="0" mb="0" cb="0"/><line nr="112" mi="8" ci="0" mb="0" cb="0"/><line nr="114" mi="7" ci="0" mb="0" cb="0"/><line nr="115" mi="7" ci="0" mb="0" cb="0"/><line nr="116" mi="7" ci="0" mb="0" cb="0"/><line nr="117" mi="7" ci="0" mb="0" cb="0"/><line nr="118" mi="7" ci="0" mb="0" cb="0"/><line nr="119" mi="7" ci="0" mb="0" cb="0"/><line nr="120" mi="7" ci="0" mb="0" cb="0"/><line nr="121" mi="7" ci="0" mb="0" cb="0"/><line nr="123" mi="7" ci="0" mb="0" cb="0"/><line nr="125" mi="4" ci="0" mb="0" cb="0"/><line nr="127" mi="4" ci="0" mb="0" cb="0"/><line nr="128" mi="7" ci="0" mb="0" cb="0"/><line nr="130" mi="6" ci="0" mb="0" cb="0"/><line nr="132" mi="8" ci="0" mb="0" cb="0"/><line nr="133" mi="8" ci="0" mb="0" cb="0"/><line nr="134" mi="8" ci="0" mb="0" cb="0"/><line nr="135" mi="8" ci="0" mb="0" cb="0"/><line nr="136" mi="8" ci="0" mb="0" cb="0"/><line nr="137" mi="8" ci="0" mb="0" cb="0"/><line nr="138" mi="8" ci="0" mb="0" cb="0"/><line nr="139" mi="8" ci="0" mb="0" cb="0"/><line nr="140" mi="8" ci="0" mb="0" cb="0"/><line nr="141" mi="8" ci="0" mb="0" cb="0"/><line nr="142" mi="8" ci="0" mb="0" cb="0"/><line nr="143" mi="8" ci="0" mb="0" cb="0"/><line nr="145" mi="3" ci="0" mb="0" cb="0"/><line nr="146" mi="7" ci="0" mb="0" cb="0"/><line nr="147" mi="7" ci="0" mb="0" cb="0"/><line nr="148" mi="7" ci="0" mb="0" cb="0"/><line nr="149" mi="7" ci="0" mb="0" cb="0"/><line nr="150" mi="7" ci="0" mb="0" cb="0"/><line nr="151" mi="7" ci="0" mb="0" cb="0"/><line nr="152" mi="7" ci="0" mb="0" cb="0"/><line nr="153" mi="7" ci="0" mb="0" cb="0"/><line nr="154" mi="7" ci="0" mb="0" cb="0"/><line nr="155" mi="7" ci="0" mb="0" cb="0"/><line nr="156" mi="7" ci="0" mb="0" cb="0"/><line nr="157" mi="7" ci="0" mb="0" cb="0"/><line nr="159" mi="7" ci="0" mb="0" cb="0"/><line nr="160" mi="4" ci="0" mb="0" cb="0"/><line nr="162" mi="6" ci="0" mb="0" cb="0"/><line nr="163" mi="4" ci="0" mb="0" cb="0"/><line nr="164" mi="3" ci="0" mb="0" cb="0"/><line nr="166" mi="8" ci="0" mb="0" cb="0"/><line nr="167" mi="8" ci="0" mb="0" cb="0"/><line nr="168" mi="8" ci="0" mb="0" cb="0"/><line nr="169" mi="8" ci="0" mb="0" cb="0"/><line nr="171" mi="7" ci="0" mb="0" cb="0"/><line nr="172" mi="7" ci="0" mb="0" cb="0"/><line nr="173" mi="7" ci="0" mb="0" cb="0"/><line nr="174" mi="7" ci="0" mb="0" cb="0"/><line nr="176" mi="7" ci="0" mb="0" cb="0"/><line nr="177" mi="4" ci="0" mb="0" cb="0"/><line nr="179" mi="4" ci="0" mb="0" cb="0"/><line nr="180" mi="3" ci="0" mb="0" cb="0"/><line nr="182" mi="1" ci="0" mb="0" cb="0"/><line nr="191" mi="9" ci="0" mb="2" cb="0"/><line nr="192" mi="6" ci="0" mb="0" cb="0"/><line nr="195" mi="9" ci="0" mb="2" cb="0"/><line nr="196" mi="6" ci="0" mb="0" cb="0"/><line nr="199" mi="9" ci="0" mb="2" cb="0"/><line nr="200" mi="6" ci="0" mb="0" cb="0"/><line nr="203" mi="9" ci="0" mb="2" cb="0"/><line nr="204" mi="6" ci="0" mb="0" cb="0"/><line nr="207" mi="1" ci="0" mb="0" cb="0"/><counter type="INSTRUCTION" missed="726" covered="0"/><counter type="BRANCH" missed="8" covered="0"/><counter type="LINE" missed="114" covered="0"/><counter type="COMPLEXITY" missed="6" covered="0"/><counter type="METHOD" missed="2" covered="0"/><counter type="CLASS" missed="1" covered="0"/></sourcefile><sourcefile name="ModelAdvancedOperations.java"><line nr="14" mi="0" ci="3" mb="0" cb="0"/><line nr="26" mi="0" ci="2" mb="0" cb="0"/><line nr="27" mi="0" ci="4" mb="0" cb="0"/><line nr="29" mi="0" ci="2" mb="0" cb="0"/><line nr="42" mi="0" ci="2" mb="0" cb="0"/><line nr="43" mi="0" ci="4" mb="0" cb="0"/><line nr="45" mi="0" ci="2" mb="0" cb="0"/><line nr="56" mi="0" ci="2" mb="0" cb="0"/><line nr="69" mi="0" ci="2" mb="0" cb="0"/><line nr="70" mi="0" ci="3" mb="0" cb="0"/><line nr="72" mi="0" ci="2" mb="0" cb="0"/><line nr="85" mi="0" ci="2" mb="0" cb="0"/><line nr="86" mi="0" ci="3" mb="0" cb="0"/><line nr="89" mi="0" ci="2" mb="0" cb="0"/><line nr="102" mi="0" ci="2" mb="0" cb="0"/><line nr="103" mi="0" ci="3" mb="0" cb="0"/><line nr="105" mi="0" ci="2" mb="0" cb="0"/><line nr="118" mi="0" ci="2" mb="0" cb="0"/><line nr="119" mi="0" ci="3" mb="0" cb="0"/><line nr="121" mi="0" ci="2" mb="0" cb="0"/><line nr="134" mi="0" ci="2" mb="0" cb="0"/><line nr="135" mi="0" ci="3" mb="0" cb="0"/><line nr="137" mi="0" ci="2" mb="0" cb="0"/><counter type="INSTRUCTION" missed="0" covered="56"/><counter type="LINE" missed="0" covered="23"/><counter type="COMPLEXITY" missed="0" covered="9"/><counter type="METHOD" missed="0" covered="9"/><counter type="CLASS" missed="0" covered="1"/></sourcefile><counter type="INSTRUCTION" missed="2067" covered="91"/><counter type="BRANCH" missed="142" covered="0"/><counter type="LINE" missed="298" covered="36"/><counter type="COMPLEXITY" missed="82" covered="14"/><counter type="METHOD" missed="11" covered="14"/><counter type="CLASS" missed="3" covered="2"/></package><counter type="INSTRUCTION" missed="2084" covered="91"/><counter type="BRANCH" missed="142" covered="0"/><counter type="LINE" missed="301" covered="36"/><counter type="COMPLEXITY" missed="84" covered="14"/><counter type="METHOD" missed="13" covered="14"/><counter type="CLASS" missed="4" covered="2"/></report>