<?xml version="1.0" encoding="UTF-8"?>
<!-- Generated by org.testng.reporters.JUnitXMLReporter -->
<testsuite hostname="LAPTOP-HJHHU7LM" name="Surefire test" tests="6" failures="0" timestamp="12 Dec 2018 13:22:21 GMT" time="0.24" errors="0">
  <testcase name="testPi on testPi(com.calculator.test_classes.ModelAdvancedOperationsTest)" time="0.012" classname="com.calculator.test_classes.ModelAdvancedOperationsTest"/>
  <testcase name="testpowerOfTwo on testpowerOfTwo(com.calculator.test_classes.ModelAdvancedOperationsTest)" time="0.021" classname="com.calculator.test_classes.ModelAdvancedOperationsTest"/>
  <testcase name="testAdditionPositiveValues on testAdditionPositiveValues(com.calculator.test_classes.ModelBasicOperationsTest)" time="0.075" classname="com.calculator.test_classes.ModelBasicOperationsTest"/>
  <testcase name="testMultiplication on testMultiplication(com.calculator.test_classes.ModelBasicOperationsTest)" time="0.0" classname="com.calculator.test_classes.ModelBasicOperationsTest"/>
  <testcase name="testSubstraction on testSubstraction(com.calculator.test_classes.ModelBasicOperationsTest)" time="0.047" classname="com.calculator.test_classes.ModelBasicOperationsTest"/>
  <testcase name="testDivision on testDivision(com.calculator.test_classes.ModelBasicOperationsTest)" time="0.015" classname="com.calculator.test_classes.ModelBasicOperationsTest"/>
</testsuite> <!-- Surefire test -->
