<?xml version="1.0" encoding="UTF-8"?>
<!-- Generated by org.testng.reporters.JUnitXMLReporter -->
<testsuite hostname="LAPTOP-HJHHU7LM" name="Surefire test" tests="41" failures="0" timestamp="12 Dec 2018 20:53:38 GMT" time="0.383" errors="0">
  <testcase name="testAdditionNegativeValues on testAdditionNegativeValues(com.calculator.test_classes.ModelBasicOperationsTest)" time="0.04" classname="com.calculator.test_classes.ModelBasicOperationsTest"/>
  <testcase name="testMultiplicationWithZeroAndNegativeValue on testMultiplicationWithZeroAndNegativeValue(com.calculator.test_classes.ModelBasicOperationsTest)" time="0.024" classname="com.calculator.test_classes.ModelBasicOperationsTest"/>
  <testcase name="testAdditionPositiveValues on testAdditionPositiveValues(com.calculator.test_classes.ModelBasicOperationsTest)" time="0.016" classname="com.calculator.test_classes.ModelBasicOperationsTest"/>
  <testcase name="testSubstractionWithZeroOnly on testSubstractionWithZeroOnly(com.calculator.test_classes.ModelBasicOperationsTest)" time="0.0" classname="com.calculator.test_classes.ModelBasicOperationsTest"/>
  <testcase name="testAdditionWithZeroOnly on testAdditionWithZeroOnly(com.calculator.test_classes.ModelBasicOperationsTest)" time="0.0" classname="com.calculator.test_classes.ModelBasicOperationsTest"/>
  <testcase name="testSubstractionWithZeroAndNegativeValue on testSubstractionWithZeroAndNegativeValue(com.calculator.test_classes.ModelBasicOperationsTest)" time="0.02" classname="com.calculator.test_classes.ModelBasicOperationsTest"/>
  <testcase name="testDivisionNegativeValues on testDivisionNegativeValues(com.calculator.test_classes.ModelBasicOperationsTest)" time="0.01" classname="com.calculator.test_classes.ModelBasicOperationsTest"/>
  <testcase name="testDivisionPositiveValues on testDivisionPositiveValues(com.calculator.test_classes.ModelBasicOperationsTest)" time="0.015" classname="com.calculator.test_classes.ModelBasicOperationsTest"/>
  <testcase name="testAdditionWithZeroAndPositiveValue on testAdditionWithZeroAndPositiveValue(com.calculator.test_classes.ModelBasicOperationsTest)" time="0.023" classname="com.calculator.test_classes.ModelBasicOperationsTest"/>
  <testcase name="testDivisionWithZeroAndPositiveValue on testDivisionWithZeroAndPositiveValue(com.calculator.test_classes.ModelBasicOperationsTest)" time="0.011" classname="com.calculator.test_classes.ModelBasicOperationsTest"/>
  <testcase name="testMultiplicationWithZeroOnly on testMultiplicationWithZeroOnly(com.calculator.test_classes.ModelBasicOperationsTest)" time="0.0" classname="com.calculator.test_classes.ModelBasicOperationsTest"/>
  <testcase name="testSubstractionNegativeValues on testSubstractionNegativeValues(com.calculator.test_classes.ModelBasicOperationsTest)" time="0.01" classname="com.calculator.test_classes.ModelBasicOperationsTest"/>
  <testcase name="testAdditionWithZeroAndNegativeValue on testAdditionWithZeroAndNegativeValue(com.calculator.test_classes.ModelBasicOperationsTest)" time="0.006" classname="com.calculator.test_classes.ModelBasicOperationsTest"/>
  <testcase name="testSubstractioWithZeroAndPositiveValue on testSubstractioWithZeroAndPositiveValue(com.calculator.test_classes.ModelBasicOperationsTest)" time="0.0" classname="com.calculator.test_classes.ModelBasicOperationsTest"/>
  <testcase name="testSubstractionPositiveValues on testSubstractionPositiveValues(com.calculator.test_classes.ModelBasicOperationsTest)" time="0.004" classname="com.calculator.test_classes.ModelBasicOperationsTest"/>
  <testcase name="testMultiplicationNegativeValues on testMultiplicationNegativeValues(com.calculator.test_classes.ModelBasicOperationsTest)" time="0.004" classname="com.calculator.test_classes.ModelBasicOperationsTest"/>
  <testcase name="testMultiplicationWithZeroAndPositiveValue on testMultiplicationWithZeroAndPositiveValue(com.calculator.test_classes.ModelBasicOperationsTest)" time="0.01" classname="com.calculator.test_classes.ModelBasicOperationsTest"/>
  <testcase name="testDivisionWithZeroAndNegativeValue on testDivisionWithZeroAndNegativeValue(com.calculator.test_classes.ModelBasicOperationsTest)" time="0.01" classname="com.calculator.test_classes.ModelBasicOperationsTest"/>
  <testcase name="testMultiplicationPositiveValues on testMultiplicationPositiveValues(com.calculator.test_classes.ModelBasicOperationsTest)" time="0.006" classname="com.calculator.test_classes.ModelBasicOperationsTest"/>
  <testcase name="testpowerOfThreeZero on testpowerOfThreeZero(com.calculator.test_classes.ModelAdvancedOperationsTest)" time="0.0" classname="com.calculator.test_classes.ModelAdvancedOperationsTest"/>
  <testcase name="testTanZero on testTanZero(com.calculator.test_classes.ModelAdvancedOperationsTest)" time="0.0" classname="com.calculator.test_classes.ModelAdvancedOperationsTest"/>
  <testcase name="testpowerOfTwoPositive on testpowerOfTwoPositive(com.calculator.test_classes.ModelAdvancedOperationsTest)" time="0.006" classname="com.calculator.test_classes.ModelAdvancedOperationsTest"/>
  <testcase name="testpowerOfTwoZero on testpowerOfTwoZero(com.calculator.test_classes.ModelAdvancedOperationsTest)" time="0.0" classname="com.calculator.test_classes.ModelAdvancedOperationsTest"/>
  <testcase name="testpowerOfTwoNegative on testpowerOfTwoNegative(com.calculator.test_classes.ModelAdvancedOperationsTest)" time="0.004" classname="com.calculator.test_classes.ModelAdvancedOperationsTest"/>
  <testcase name="testSquareRootZero on testSquareRootZero(com.calculator.test_classes.ModelAdvancedOperationsTest)" time="0.0" classname="com.calculator.test_classes.ModelAdvancedOperationsTest"/>
  <testcase name="testSquareRootPositive on testSquareRootPositive(com.calculator.test_classes.ModelAdvancedOperationsTest)" time="0.01" classname="com.calculator.test_classes.ModelAdvancedOperationsTest"/>
  <testcase name="testSquareRootNegative on testSquareRootNegative(com.calculator.test_classes.ModelAdvancedOperationsTest)" time="0.006" classname="com.calculator.test_classes.ModelAdvancedOperationsTest"/>
  <testcase name="testTanPositive on testTanPositive(com.calculator.test_classes.ModelAdvancedOperationsTest)" time="0.004" classname="com.calculator.test_classes.ModelAdvancedOperationsTest"/>
  <testcase name="testPi on testPi(com.calculator.test_classes.ModelAdvancedOperationsTest)" time="0.0" classname="com.calculator.test_classes.ModelAdvancedOperationsTest"/>
  <testcase name="testTanNegative on testTanNegative(com.calculator.test_classes.ModelAdvancedOperationsTest)" time="0.006" classname="com.calculator.test_classes.ModelAdvancedOperationsTest"/>
  <testcase name="testSinPositive on testSinPositive(com.calculator.test_classes.ModelAdvancedOperationsTest)" time="0.003" classname="com.calculator.test_classes.ModelAdvancedOperationsTest"/>
  <testcase name="testSinNegative on testSinNegative(com.calculator.test_classes.ModelAdvancedOperationsTest)" time="0.007" classname="com.calculator.test_classes.ModelAdvancedOperationsTest"/>
  <testcase name="testLogZero on testLogZero(com.calculator.test_classes.ModelAdvancedOperationsTest)" time="0.0" classname="com.calculator.test_classes.ModelAdvancedOperationsTest"/>
  <testcase name="testCosZero on testCosZero(com.calculator.test_classes.ModelAdvancedOperationsTest)" time="0.0" classname="com.calculator.test_classes.ModelAdvancedOperationsTest"/>
  <testcase name="testCosPositive on testCosPositive(com.calculator.test_classes.ModelAdvancedOperationsTest)" time="0.004" classname="com.calculator.test_classes.ModelAdvancedOperationsTest"/>
  <testcase name="testCosNegative on testCosNegative(com.calculator.test_classes.ModelAdvancedOperationsTest)" time="0.01" classname="com.calculator.test_classes.ModelAdvancedOperationsTest"/>
  <testcase name="testpowerOfThreePositive on testpowerOfThreePositive(com.calculator.test_classes.ModelAdvancedOperationsTest)" time="0.009" classname="com.calculator.test_classes.ModelAdvancedOperationsTest"/>
  <testcase name="testpowerOfThreeNegative on testpowerOfThreeNegative(com.calculator.test_classes.ModelAdvancedOperationsTest)" time="0.001" classname="com.calculator.test_classes.ModelAdvancedOperationsTest"/>
  <testcase name="testSinZero on testSinZero(com.calculator.test_classes.ModelAdvancedOperationsTest)" time="0.007" classname="com.calculator.test_classes.ModelAdvancedOperationsTest"/>
  <testcase name="testLogPositive on testLogPositive(com.calculator.test_classes.ModelAdvancedOperationsTest)" time="0.004" classname="com.calculator.test_classes.ModelAdvancedOperationsTest"/>
  <testcase name="testLogNegative on testLogNegative(com.calculator.test_classes.ModelAdvancedOperationsTest)" time="0.008" classname="com.calculator.test_classes.ModelAdvancedOperationsTest"/>
</testsuite> <!-- Surefire test -->
